  main.cpp
d:\vc\gamesmario\gamesmario\animation.h(36): warning C4244: инициализация: преобразование "float" в "int", возможна потеря данных
d:\vc\gamesmario\gamesmario\animation.h(88): warning C4244: =: преобразование "double" в "float", возможна потеря данных
d:\vc\gamesmario\gamesmario\animation.h(103): warning C4244: аргумент: преобразование "int" в "float", возможна потеря данных
d:\vc\gamesmario\gamesmario\animation.h(117): warning C4244: аргумент: преобразование "int" в "float", возможна потеря данных
d:\vc\gamesmario\gamesmario\animation.h(127): warning C4244: return: преобразование "int" в "float", возможна потеря данных
d:\vc\gamesmario\gamesmario\animation.h(128): warning C4244: return: преобразование "int" в "float", возможна потеря данных
d:\vc\gamesmario\gamesmario\level.h(60): warning C4244: return: преобразование "double" в "float", возможна потеря данных
d:\vc\gamesmario\gamesmario\level.h(144): warning C4244: инициализация: преобразование "double" в "float", возможна потеря данных
d:\vc\gamesmario\gamesmario\level.h(145): warning C4244: =: преобразование "float" в "int", возможна потеря данных
d:\vc\gamesmario\gamesmario\level.h(185): warning C4244: аргумент: преобразование "int" в "float", возможна потеря данных
d:\vc\gamesmario\gamesmario\level.h(242): warning C4244: аргумент: преобразование "int" в "float", возможна потеря данных
d:\vc\gamesmario\gamesmario\level.h(263): warning C4244: =: преобразование "int" в "float", возможна потеря данных
d:\vc\gamesmario\gamesmario\level.h(264): warning C4244: =: преобразование "int" в "float", возможна потеря данных
d:\vc\gamesmario\gamesmario\level.h(265): warning C4244: =: преобразование "int" в "float", возможна потеря данных
d:\vc\gamesmario\gamesmario\level.h(266): warning C4244: =: преобразование "int" в "float", возможна потеря данных
d:\vc\gamesmario\gamesmario\level.h(309): warning C4018: <: несоответствие типов со знаком и без знака
d:\vc\gamesmario\gamesmario\level.h(318): warning C4018: <: несоответствие типов со знаком и без знака
d:\vc\gamesmario\gamesmario\level.h(340): warning C4018: <: несоответствие типов со знаком и без знака
d:\vc\gamesmario\gamesmario\level.h(341): warning C4018: <: несоответствие типов со знаком и без знака
d:\vc\gamesmario\gamesmario\entity.h(28): warning C4244: =: преобразование "int" в "float", возможна потеря данных
d:\vc\gamesmario\gamesmario\entity.h(29): warning C4244: =: преобразование "int" в "float", возможна потеря данных
d:\vc\gamesmario\gamesmario\entity.h(40): warning C4244: аргумент: преобразование "float" в "int", возможна потеря данных
d:\vc\gamesmario\gamesmario\player.h(33): warning C4305: =: усечение из "double" в "float"
d:\vc\gamesmario\gamesmario\player.h(40): warning C4305: =: усечение из "double" в "float"
d:\vc\gamesmario\gamesmario\player.h(48): warning C4305: =: усечение из "double" в "float"
d:\vc\gamesmario\gamesmario\player.h(49): warning C4305: =: усечение из "double" в "float"
d:\vc\gamesmario\gamesmario\player.h(56): warning C4305: =: усечение из "double" в "float"
d:\vc\gamesmario\gamesmario\player.h(60): warning C4804: >: небезопасное использование типа "bool" в операции
d:\vc\gamesmario\gamesmario\player.h(118): warning C4244: аргумент: преобразование "float" в "int", возможна потеря данных
d:\vc\gamesmario\gamesmario\player.h(127): warning C4244: +=: преобразование "double" в "float", возможна потеря данных
d:\vc\gamesmario\gamesmario\player.h(147): warning C4018: <: несоответствие типов со знаком и без знака
d:\vc\gamesmario\gamesmario\player.h(169): warning C4244: инициализация: преобразование "float" в "int", возможна потеря данных
d:\vc\gamesmario\gamesmario\player.h(171): warning C4244: =: преобразование "int" в "float", возможна потеря данных
d:\vc\gamesmario\gamesmario\player.h(178): warning C4244: инициализация: преобразование "float" в "int", возможна потеря данных
d:\vc\gamesmario\gamesmario\player.h(180): warning C4244: =: преобразование "int" в "float", возможна потеря данных
d:\vc\gamesmario\gamesmario\enemy.h(16): warning C4305: аргумент: усечение из "double" в "float"
d:\vc\gamesmario\gamesmario\enemy.h(22): warning C4018: <: несоответствие типов со знаком и без знака
d:\vc\gamesmario\gamesmario\enemy.h(36): warning C4244: =: преобразование "double" в "float", возможна потеря данных
d:\vc\gamesmario\gamesmario\enemy.h(37): warning C4305: =: усечение из "double" в "float"
d:\vc\gamesmario\gamesmario\enemy.h(52): warning C4390: ";": обнаружен пустой контролируемый оператор; это правильно?
d:\vc\gamesmario\gamesmario\coins.h(13): warning C4305: аргумент: усечение из "double" в "float"
d:\vc\gamesmario\gamesmario\healthbar.h(24): warning C4244: аргумент: преобразование "int" в "float", возможна потеря данных
d:\vc\gamesmario\gamesmario\movingplatform.h(11): warning C4305: аргумент: усечение из "double" в "float"
d:\vc\gamesmario\gamesmario\movingplatformv.h(11): warning C4305: аргумент: усечение из "double" в "float"
d:\vc\gamesmario\gamesmario\bullet.h(12): warning C4305: аргумент: усечение из "double" в "float"
d:\vc\gamesmario\gamesmario\bullet.h(13): warning C4305: =: усечение из "double" в "float"
d:\vc\gamesmario\gamesmario\bullet.h(21): warning C4018: <: несоответствие типов со знаком и без знака
d:\vc\gamesmario\gamesmario\bullet.h(46): warning C4553: "==": результат выражения не используется; вы хотели использовать "="?
d:\vc\gamesmario\gamesmario\bonus.h(12): warning C4305: аргумент: усечение из "double" в "float"
d:\vc\gamesmario\gamesmario\screen.h(38): warning C4244: аргумент: преобразование "int" в "float", возможна потеря данных
d:\vc\gamesmario\gamesmario\screen.h(121): warning C4244: аргумент: преобразование "float" в "int", возможна потеря данных
d:\vc\gamesmario\gamesmario\screen.h(129): warning C4244: аргумент: преобразование "float" в "int", возможна потеря данных
d:\vc\gamesmario\gamesmario\screen.h(137): warning C4244: аргумент: преобразование "float" в "int", возможна потеря данных
d:\vc\gamesmario\gamesmario\screen.h(145): warning C4244: аргумент: преобразование "float" в "int", возможна потеря данных
d:\vc\gamesmario\gamesmario\screen.h(153): warning C4244: аргумент: преобразование "float" в "int", возможна потеря данных
d:\vc\gamesmario\gamesmario\game.h(56): warning C4305: аргумент: усечение из "double" в "float"
d:\vc\gamesmario\gamesmario\game.h(63): warning C4305: аргумент: усечение из "double" в "float"
d:\vc\gamesmario\gamesmario\game.h(64): warning C4305: аргумент: усечение из "double" в "float"
d:\vc\gamesmario\gamesmario\game.h(68): warning C4305: аргумент: усечение из "double" в "float"
d:\vc\gamesmario\gamesmario\game.h(70): warning C4305: аргумент: усечение из "double" в "float"
d:\vc\gamesmario\gamesmario\game.h(80): warning C4244: аргумент: преобразование "int" в "float", возможна потеря данных
d:\vc\gamesmario\gamesmario\game.h(94): warning C4244: аргумент: преобразование "unsigned int" в "float", возможна потеря данных
d:\vc\gamesmario\gamesmario\game.h(101): warning C4018: <: несоответствие типов со знаком и без знака
d:\vc\gamesmario\gamesmario\game.h(102): warning C4244: аргумент: преобразование "float" в "int", возможна потеря данных
d:\vc\gamesmario\gamesmario\game.h(104): warning C4018: <: несоответствие типов со знаком и без знака
d:\vc\gamesmario\gamesmario\game.h(105): warning C4244: аргумент: преобразование "float" в "int", возможна потеря данных
d:\vc\gamesmario\gamesmario\game.h(107): warning C4018: <: несоответствие типов со знаком и без знака
d:\vc\gamesmario\gamesmario\game.h(108): warning C4244: аргумент: преобразование "float" в "int", возможна потеря данных
d:\vc\gamesmario\gamesmario\game.h(110): warning C4018: <: несоответствие типов со знаком и без знака
d:\vc\gamesmario\gamesmario\game.h(111): warning C4244: аргумент: преобразование "float" в "int", возможна потеря данных
d:\vc\gamesmario\gamesmario\game.h(113): warning C4018: <: несоответствие типов со знаком и без знака
d:\vc\gamesmario\gamesmario\game.h(114): warning C4244: аргумент: преобразование "float" в "int", возможна потеря данных
d:\vc\gamesmario\gamesmario\game.h(117): warning C4244: аргумент: преобразование "float" в "int", возможна потеря данных
d:\vc\gamesmario\gamesmario\game.h(125): warning C4244: инициализация: преобразование "sf::Int64" в "float", возможна потеря данных
d:\vc\gamesmario\gamesmario\game.h(143): warning C4244: аргумент: преобразование "float" в "int", возможна потеря данных
d:\vc\gamesmario\gamesmario\game.h(156): warning C4244: =: преобразование "int" в "float", возможна потеря данных
d:\vc\gamesmario\gamesmario\game.h(157): warning C4244: =: преобразование "int" в "float", возможна потеря данных
d:\vc\gamesmario\gamesmario\game.h(158): warning C4244: =: преобразование "int" в "float", возможна потеря данных
d:\vc\gamesmario\gamesmario\game.h(187): warning C4305: =: усечение из "double" в "float"
d:\vc\gamesmario\gamesmario\game.h(200): warning C4305: +=: усечение из "double" в "float"
d:\vc\gamesmario\gamesmario\level.h(312): warning C4715: Level::GetObject: значение возвращается не при всех путях выполнения
  GamesMario.vcxproj -> D:\VC\GamesMario\Debug\GamesMario.exe
