d:\vc\gamesmario\gamesmario\debug\vc141.pdb
d:\vc\gamesmario\gamesmario\debug\vc141.idb
d:\vc\gamesmario\gamesmario\debug\scrin.obj
d:\vc\gamesmario\gamesmario\debug\tinyxmlparser.obj
d:\vc\gamesmario\gamesmario\debug\tinyxmlerror.obj
d:\vc\gamesmario\gamesmario\debug\tinyxml.obj
d:\vc\gamesmario\gamesmario\debug\tinystr.obj
d:\vc\gamesmario\gamesmario\debug\main.obj
d:\vc\gamesmario\debug\gamesmario.exe
d:\vc\gamesmario\debug\gamesmario.ilk
d:\vc\gamesmario\debug\gamesmario.pdb
d:\vc\gamesmario\gamesmario\debug\main.obj.enc
d:\vc\gamesmario\gamesmario\debug\nativecodeanalysis.read.1.tlog
d:\vc\gamesmario\gamesmario\debug\main.nativecodeanalysis.xml
d:\vc\gamesmario\gamesmario\debug\tinystr.nativecodeanalysis.xml
d:\vc\gamesmario\gamesmario\debug\tinyxml.nativecodeanalysis.xml
d:\vc\gamesmario\gamesmario\debug\tinyxmlerror.nativecodeanalysis.xml
d:\vc\gamesmario\gamesmario\debug\tinyxmlparser.nativecodeanalysis.xml
d:\vc\gamesmario\gamesmario\debug\vc.nativecodeanalysis.all.xml
d:\vc\gamesmario\debug\gamesmario.exe.lastcodeanalysissucceeded
d:\vc\gamesmario\gamesmario\debug\gamesmario.tlog\cl.command.1.tlog
d:\vc\gamesmario\gamesmario\debug\gamesmario.tlog\cl.read.1.tlog
d:\vc\gamesmario\gamesmario\debug\gamesmario.tlog\cl.write.1.tlog
d:\vc\gamesmario\gamesmario\debug\gamesmario.tlog\link.command.1.tlog
d:\vc\gamesmario\gamesmario\debug\gamesmario.tlog\link.read.1.tlog
d:\vc\gamesmario\gamesmario\debug\gamesmario.tlog\link.write.1.tlog
